Using pre-set license
Built from '2020.3/staging' branch; Version is '2020.3.4f1 (0abb6314276a) revision 703331'; Using compiler version '192528614'; Build Type 'Release'
OS: 'Windows 10 Home; OS build 18363.1082; Version 1909; 64bit' Language: 'en' Physical Memory: 7632 MB
BatchMode: 1, IsHumanControllingUs: 0, StartBugReporterOnCrash: 0, Is64bit: 1, IsPro: 0

 COMMAND LINE ARGUMENTS:
C:\Users\tamee\OneDrive\Desktop\Unity\Unity Editor\2020.3.4f1\Editor\Unity.exe
-adb2
-batchMode
-noUpm
-name
AssetImportWorker0
-projectPath
C:/Users/tamee/OneDrive/Desktop/Unity/Unity Editor/2020.3.4f1/Projects/Rube Goldberg Machine
-logFile
Logs/AssetImportWorker0.log
-srvPort
55681
Successfully changed project path to: C:/Users/tamee/OneDrive/Desktop/Unity/Unity Editor/2020.3.4f1/Projects/Rube Goldberg Machine
C:/Users/tamee/OneDrive/Desktop/Unity/Unity Editor/2020.3.4f1/Projects/Rube Goldberg Machine
Using Asset Import Pipeline V2.
Refreshing native plugins compatible for Editor in 56.80 ms, found 0 plugins.
Preloading 0 native plugins for Editor in 0.00 ms.
Initialize engine version: 2020.3.4f1 (0abb6314276a)
[Subsystems] Discovering subsystems at path C:/Users/tamee/OneDrive/Desktop/Unity/Unity Editor/2020.3.4f1/Editor/Data/Resources/UnitySubsystems
[Subsystems] Discovering subsystems at path C:/Users/tamee/OneDrive/Desktop/Unity/Unity Editor/2020.3.4f1/Projects/Rube Goldberg Machine/Assets
GfxDevice: creating device client; threaded=0
Direct3D:
    Version:  Direct3D 11.0 [level 11.1]
    Renderer: AMD Radeon(TM) R4 Graphics (ID=0x98e4)
    Vendor:   
    VRAM:     3816 MB
    Driver:   27.20.1028.1
Initialize mono
Mono path[0] = 'C:/Users/tamee/OneDrive/Desktop/Unity/Unity Editor/2020.3.4f1/Editor/Data/Managed'
Mono path[1] = 'C:/Users/tamee/OneDrive/Desktop/Unity/Unity Editor/2020.3.4f1/Editor/Data/MonoBleedingEdge/lib/mono/unityjit'
Mono config path = 'C:/Users/tamee/OneDrive/Desktop/Unity/Unity Editor/2020.3.4f1/Editor/Data/MonoBleedingEdge/etc'
Using monoOptions --debugger-agent=transport=dt_socket,embedding=1,server=y,suspend=n,address=127.0.0.1:56224
Begin MonoManager ReloadAssembly
Registering precompiled unity dll's ...
Register platform support module: C:/Users/tamee/OneDrive/Desktop/Unity/Unity Editor/2020.3.4f1/Editor/Data/PlaybackEngines/WebGLSupport/UnityEditor.WebGL.Extensions.dll
Register platform support module: C:/Users/tamee/OneDrive/Desktop/Unity/Unity Editor/2020.3.4f1/Editor/Data/PlaybackEngines/WindowsStandaloneSupport/UnityEditor.WindowsStandalone.Extensions.dll
Registered in 0.006849 seconds.
Native extension for WindowsStandalone target not found
Native extension for WebGL target not found
Refreshing native plugins compatible for Editor in 51.91 ms, found 0 plugins.
Preloading 0 native plugins for Editor in 0.00 ms.
Mono: successfully reloaded assembly
- Completed reload, in  3.495 seconds
Platform modules already initialized, skipping
Registering precompiled user dll's ...
Registered in 0.001864 seconds.
Begin MonoManager ReloadAssembly
Native extension for WindowsStandalone target not found
Native extension for WebGL target not found
Refreshing native plugins compatible for Editor in 0.47 ms, found 0 plugins.
Preloading 0 native plugins for Editor in 0.00 ms.
Mono: successfully reloaded assembly
- Completed reload, in  9.669 seconds
Platform modules already initialized, skipping
========================================================================
Worker process is ready to serve import requests
Launched and connected shader compiler UnityShaderCompiler.exe after 1.37 seconds
Refreshing native plugins compatible for Editor in 0.57 ms, found 0 plugins.
Preloading 0 native plugins for Editor in 0.00 ms.
Unloading 1115 Unused Serialized files (Serialized files now loaded: 0)
System memory in use before: 57.6 MB.
System memory in use after: 57.6 MB.

Unloading 10 unused Assets to reduce memory usage. Loaded Objects now: 1557.
Total: 9.482100 ms (FindLiveObjects: 0.656500 ms CreateObjectMapping: 0.251800 ms MarkObjects: 8.362900 ms  DeleteObjects: 0.206500 ms)

========================================================================
Received Import Request.
  path: Assets/New Material.mat
  artifactKey: Guid(7306e4f9fb485414a89def9a22091b46) Importer(815301076,1909f56bfc062723c751e8b465ee728b)
Start importing Assets/New Material.mat using Guid(7306e4f9fb485414a89def9a22091b46) Importer(815301076,1909f56bfc062723c751e8b465ee728b)  -> (artifact id: 'c6e64955310fd6dd55e87558cf2f83eb') in 1.809809 seconds
  Import took 1.901259 seconds .

========================================================================
Received Prepare
Registering precompiled user dll's ...
Registered in 0.001762 seconds.
Begin MonoManager ReloadAssembly
Native extension for WindowsStandalone target not found
Native extension for WebGL target not found
Refreshing native plugins compatible for Editor in 0.44 ms, found 0 plugins.
Preloading 0 native plugins for Editor in 0.00 ms.
Mono: successfully reloaded assembly
- Completed reload, in  1.874 seconds
Platform modules already initialized, skipping
Refreshing native plugins compatible for Editor in 0.52 ms, found 0 plugins.
Preloading 0 native plugins for Editor in 0.00 ms.
Unloading 1110 Unused Serialized files (Serialized files now loaded: 0)
System memory in use before: 60.8 MB.
System memory in use after: 60.9 MB.

Unloading 5 unused Assets to reduce memory usage. Loaded Objects now: 1600.
Total: 3.621800 ms (FindLiveObjects: 0.336800 ms CreateObjectMapping: 0.082200 ms MarkObjects: 3.101200 ms  DeleteObjects: 0.098800 ms)

========================================================================
Received Import Request.
  Time since last request: 200.276855 seconds.
  path: Assets/Platforms.mat
  artifactKey: Guid(23583cfcd0819df44aa643e7e0306247) Importer(815301076,1909f56bfc062723c751e8b465ee728b)
Start importing Assets/Platforms.mat using Guid(23583cfcd0819df44aa643e7e0306247) Importer(815301076,1909f56bfc062723c751e8b465ee728b)  -> (artifact id: 'bbce00e257bbb08b02397fede90c8e92') in 0.174131 seconds
  Import took 0.207048 seconds .

========================================================================
Received Prepare
Registering precompiled user dll's ...
Registered in 0.026182 seconds.
Begin MonoManager ReloadAssembly
Native extension for WindowsStandalone target not found
Native extension for WebGL target not found
Refreshing native plugins compatible for Editor in 0.54 ms, found 0 plugins.
Preloading 0 native plugins for Editor in 0.00 ms.
Mono: successfully reloaded assembly
- Completed reload, in  4.146 seconds
Platform modules already initialized, skipping
Refreshing native plugins compatible for Editor in 0.54 ms, found 0 plugins.
Preloading 0 native plugins for Editor in 0.00 ms.
Unloading 1110 Unused Serialized files (Serialized files now loaded: 0)
System memory in use before: 60.9 MB.
System memory in use after: 60.9 MB.

Unloading 5 unused Assets to reduce memory usage. Loaded Objects now: 1604.
Total: 3.586600 ms (FindLiveObjects: 0.327300 ms CreateObjectMapping: 0.078300 ms MarkObjects: 3.008400 ms  DeleteObjects: 0.169800 ms)

========================================================================
Received Prepare
Registering precompiled user dll's ...
Registered in 0.002623 seconds.
Begin MonoManager ReloadAssembly
Native extension for WindowsStandalone target not found
Native extension for WebGL target not found
Refreshing native plugins compatible for Editor in 0.44 ms, found 0 plugins.
Preloading 0 native plugins for Editor in 0.00 ms.
Mono: successfully reloaded assembly
- Completed reload, in  2.248 seconds
Platform modules already initialized, skipping
Refreshing native plugins compatible for Editor in 0.52 ms, found 0 plugins.
Preloading 0 native plugins for Editor in 0.00 ms.
Unloading 1110 Unused Serialized files (Serialized files now loaded: 0)
System memory in use before: 60.9 MB.
System memory in use after: 61.0 MB.

Unloading 5 unused Assets to reduce memory usage. Loaded Objects now: 1607.
Total: 4.173700 ms (FindLiveObjects: 0.781400 ms CreateObjectMapping: 0.121500 ms MarkObjects: 3.150800 ms  DeleteObjects: 0.117100 ms)

========================================================================
Received Import Request.
  Time since last request: 4716.774330 seconds.
  path: Assets/Wall 1.mat
  artifactKey: Guid(daa5bc404545aaa48b57986d30ccae2f) Importer(815301076,1909f56bfc062723c751e8b465ee728b)
Start importing Assets/Wall 1.mat using Guid(daa5bc404545aaa48b57986d30ccae2f) Importer(815301076,1909f56bfc062723c751e8b465ee728b)  -> (artifact id: 'a5dca2749d98967f2be84ccf9dbdcd5c') in 0.474876 seconds
  Import took 0.579981 seconds .

========================================================================
Received Import Request.
  Time since last request: 40.658509 seconds.
  path: Assets/Wall 2.mat
  artifactKey: Guid(28e53ae1e4ceb024b9b757487c52387d) Importer(815301076,1909f56bfc062723c751e8b465ee728b)
Start importing Assets/Wall 2.mat using Guid(28e53ae1e4ceb024b9b757487c52387d) Importer(815301076,1909f56bfc062723c751e8b465ee728b)  -> (artifact id: '3f7d7050ea2cba12d489d98fba412f4f') in 0.103624 seconds
  Import took 0.152786 seconds .

========================================================================
Received Prepare
Registering precompiled user dll's ...
Registered in 0.001787 seconds.
Begin MonoManager ReloadAssembly
Native extension for WindowsStandalone target not found
Native extension for WebGL target not found
Refreshing native plugins compatible for Editor in 0.45 ms, found 0 plugins.
Preloading 0 native plugins for Editor in 0.00 ms.
Mono: successfully reloaded assembly
- Completed reload, in  2.049 seconds
Platform modules already initialized, skipping
Refreshing native plugins compatible for Editor in 0.46 ms, found 0 plugins.
Preloading 0 native plugins for Editor in 0.00 ms.
Unloading 1110 Unused Serialized files (Serialized files now loaded: 0)
System memory in use before: 60.9 MB.
System memory in use after: 61.0 MB.

Unloading 5 unused Assets to reduce memory usage. Loaded Objects now: 1611.
Total: 7.475100 ms (FindLiveObjects: 0.331400 ms CreateObjectMapping: 0.081000 ms MarkObjects: 6.950900 ms  DeleteObjects: 0.109100 ms)

========================================================================
Received Import Request.
  Time since last request: 80.417847 seconds.
  path: Assets/Wall 2.mat
  artifactKey: Guid(28e53ae1e4ceb024b9b757487c52387d) Importer(815301076,1909f56bfc062723c751e8b465ee728b)
Start importing Assets/Wall 2.mat using Guid(28e53ae1e4ceb024b9b757487c52387d) Importer(815301076,1909f56bfc062723c751e8b465ee728b)  -> (artifact id: 'a4df6633cbe3c984643c9a1f264d4bf3') in 0.839434 seconds
  Import took 0.844812 seconds .

========================================================================
Received Import Request.
  Time since last request: 0.000413 seconds.
  path: Assets/Platforms.mat
  artifactKey: Guid(23583cfcd0819df44aa643e7e0306247) Importer(815301076,1909f56bfc062723c751e8b465ee728b)
Start importing Assets/Platforms.mat using Guid(23583cfcd0819df44aa643e7e0306247) Importer(815301076,1909f56bfc062723c751e8b465ee728b)  -> (artifact id: '826a01545bbf57716f25ab95c46dcbf8') in 0.101217 seconds
  Import took 0.188984 seconds .

========================================================================
Received Import Request.
  Time since last request: 0.000314 seconds.
  path: Assets/Wall 1.mat
  artifactKey: Guid(daa5bc404545aaa48b57986d30ccae2f) Importer(815301076,1909f56bfc062723c751e8b465ee728b)
Start importing Assets/Wall 1.mat using Guid(daa5bc404545aaa48b57986d30ccae2f) Importer(815301076,1909f56bfc062723c751e8b465ee728b)  -> (artifact id: '05d3576cce85b21dfd183a8174200431') in 0.100355 seconds
  Import took 0.163664 seconds .

========================================================================
Received Import Request.
  Time since last request: 0.000316 seconds.
  path: Assets/Player.mat
  artifactKey: Guid(7306e4f9fb485414a89def9a22091b46) Importer(815301076,1909f56bfc062723c751e8b465ee728b)
Start importing Assets/Player.mat using Guid(7306e4f9fb485414a89def9a22091b46) Importer(815301076,1909f56bfc062723c751e8b465ee728b)  -> (artifact id: '3799adce8d767fb08eaa7b4781808d7c') in 0.180594 seconds
  Import took 0.184897 seconds .

========================================================================
Received Prepare
Registering precompiled user dll's ...
Registered in 0.004262 seconds.
Begin MonoManager ReloadAssembly
Native extension for WindowsStandalone target not found
Native extension for WebGL target not found
Refreshing native plugins compatible for Editor in 0.47 ms, found 0 plugins.
Preloading 0 native plugins for Editor in 0.00 ms.
Mono: successfully reloaded assembly
- Completed reload, in  1.959 seconds
Platform modules already initialized, skipping
Refreshing native plugins compatible for Editor in 0.48 ms, found 0 plugins.
Preloading 0 native plugins for Editor in 0.00 ms.
Unloading 1110 Unused Serialized files (Serialized files now loaded: 0)
System memory in use before: 60.9 MB.
System memory in use after: 61.0 MB.

Unloading 5 unused Assets to reduce memory usage. Loaded Objects now: 1615.
Total: 3.593800 ms (FindLiveObjects: 0.346800 ms CreateObjectMapping: 0.092800 ms MarkObjects: 3.049100 ms  DeleteObjects: 0.101500 ms)

========================================================================
Received Import Request.
  Time since last request: 286.558889 seconds.
  path: Assets/Wall 3.mat
  artifactKey: Guid(7a95a6bb46b119242a1fb0037bee1589) Importer(815301076,1909f56bfc062723c751e8b465ee728b)
Start importing Assets/Wall 3.mat using Guid(7a95a6bb46b119242a1fb0037bee1589) Importer(815301076,1909f56bfc062723c751e8b465ee728b)  -> (artifact id: '7f5ae39a8464ca2f0c6ad6efa0309caa') in 0.163018 seconds
  Import took 0.167493 seconds .

========================================================================
Received Import Request.
  Time since last request: 255.640373 seconds.
  path: Assets/Platform 2.mat
  artifactKey: Guid(0ef1cf884097d964cb011eb766407f6b) Importer(815301076,1909f56bfc062723c751e8b465ee728b)
Start importing Assets/Platform 2.mat using Guid(0ef1cf884097d964cb011eb766407f6b) Importer(815301076,1909f56bfc062723c751e8b465ee728b)  -> (artifact id: '3df6edcd1916e57e75fa76333b81cc62') in 0.099389 seconds
  Import took 0.104624 seconds .

========================================================================
Received Prepare
Registering precompiled user dll's ...
Registered in 0.002679 seconds.
Begin MonoManager ReloadAssembly
Native extension for WindowsStandalone target not found
Native extension for WebGL target not found
Refreshing native plugins compatible for Editor in 0.57 ms, found 0 plugins.
Preloading 0 native plugins for Editor in 0.00 ms.
Mono: successfully reloaded assembly
- Completed reload, in  2.561 seconds
Platform modules already initialized, skipping
Refreshing native plugins compatible for Editor in 0.42 ms, found 0 plugins.
Preloading 0 native plugins for Editor in 0.00 ms.
Unloading 1110 Unused Serialized files (Serialized files now loaded: 0)
System memory in use before: 60.9 MB.
System memory in use after: 61.0 MB.

Unloading 5 unused Assets to reduce memory usage. Loaded Objects now: 1619.
Total: 5.640300 ms (FindLiveObjects: 0.338300 ms CreateObjectMapping: 0.095400 ms MarkObjects: 3.559200 ms  DeleteObjects: 1.644700 ms)

========================================================================
Received Import Request.
  Time since last request: 248.460181 seconds.
  path: Assets/Platform 2.mat
  artifactKey: Guid(0ef1cf884097d964cb011eb766407f6b) Importer(815301076,1909f56bfc062723c751e8b465ee728b)
Start importing Assets/Platform 2.mat using Guid(0ef1cf884097d964cb011eb766407f6b) Importer(815301076,1909f56bfc062723c751e8b465ee728b)  -> (artifact id: 'ce1e6c882f44f8ca24cb0bfd1f8245c6') in 0.536790 seconds
  Import took 0.572501 seconds .

========================================================================
Received Import Request.
  Time since last request: 0.000491 seconds.
  path: Assets/Wall 3.mat
  artifactKey: Guid(7a95a6bb46b119242a1fb0037bee1589) Importer(815301076,1909f56bfc062723c751e8b465ee728b)
Start importing Assets/Wall 3.mat using Guid(7a95a6bb46b119242a1fb0037bee1589) Importer(815301076,1909f56bfc062723c751e8b465ee728b)  -> (artifact id: 'f226872d4f167a6b8f9ef5d386078f0c') in 0.094303 seconds
  Import took 0.876750 seconds .

========================================================================
Received Prepare
Registering precompiled user dll's ...
Registered in 0.001674 seconds.
Begin MonoManager ReloadAssembly
Native extension for WindowsStandalone target not found
Native extension for WebGL target not found
Refreshing native plugins compatible for Editor in 0.46 ms, found 0 plugins.
Preloading 0 native plugins for Editor in 0.00 ms.
Mono: successfully reloaded assembly
- Completed reload, in  6.980 seconds
Platform modules already initialized, skipping
Refreshing native plugins compatible for Editor in 0.47 ms, found 0 plugins.
Preloading 0 native plugins for Editor in 0.00 ms.
Unloading 1110 Unused Serialized files (Serialized files now loaded: 0)
System memory in use before: 61.0 MB.
System memory in use after: 61.0 MB.

Unloading 5 unused Assets to reduce memory usage. Loaded Objects now: 1623.
Total: 5.701200 ms (FindLiveObjects: 0.557700 ms CreateObjectMapping: 0.090900 ms MarkObjects: 4.932600 ms  DeleteObjects: 0.115600 ms)

========================================================================
Received Prepare
Registering precompiled user dll's ...
Registered in 0.001871 seconds.
Begin MonoManager ReloadAssembly
Native extension for WindowsStandalone target not found
Native extension for WebGL target not found
Refreshing native plugins compatible for Editor in 0.44 ms, found 0 plugins.
Preloading 0 native plugins for Editor in 0.00 ms.
Mono: successfully reloaded assembly
- Completed reload, in  1.977 seconds
Platform modules already initialized, skipping
Refreshing native plugins compatible for Editor in 0.42 ms, found 0 plugins.
Preloading 0 native plugins for Editor in 0.00 ms.
Unloading 1110 Unused Serialized files (Serialized files now loaded: 0)
System memory in use before: 61.0 MB.
System memory in use after: 61.1 MB.

Unloading 5 unused Assets to reduce memory usage. Loaded Objects now: 1626.
Total: 3.366800 ms (FindLiveObjects: 0.414200 ms CreateObjectMapping: 0.077800 ms MarkObjects: 2.770500 ms  DeleteObjects: 0.101000 ms)

